This is pdfTeX, Version 3.141592653-2.6-1.40.24 (TeX Live 2022/Arch Linux) (preloaded format=pdflatex 2022.12.8)  30 MAR 2023 13:51
entering extended mode
 restricted \write18 enabled.
 file:line:error style messages enabled.
 %&-line parsing enabled.
**Mindmap.tex
(./Mindmap.tex
LaTeX2e <2021-11-15> patch level 1
L3 programming layer <2022-04-10> (/usr/share/texmf-dist/tex/latex/standalone/standalone.cls
Document Class: standalone 2018/03/26 v1.3a Class to compile TeX sub-files standalone
(/usr/share/texmf-dist/tex/latex/tools/shellesc.sty
Package: shellesc 2019/11/08 v1.0c unified shell escape interface for LaTeX
Package shellesc Info: Restricted shell escape enabled on input line 77.
) (/usr/share/texmf-dist/tex/generic/iftex/ifluatex.sty
Package: ifluatex 2019/10/25 v1.5 ifluatex legacy package. Use iftex instead.
 (/usr/share/texmf-dist/tex/generic/iftex/iftex.sty
Package: iftex 2022/02/03 v1.0f TeX engine tests
)) (/usr/share/texmf-dist/tex/latex/xkeyval/xkeyval.sty
Package: xkeyval 2020/11/20 v2.8 package option processing (HA)
 (/usr/share/texmf-dist/tex/generic/xkeyval/xkeyval.tex (/usr/share/texmf-dist/tex/generic/xkeyval/xkvutils.tex
\XKV@toks=\toks16
\XKV@tempa@toks=\toks17
 (/usr/share/texmf-dist/tex/generic/xkeyval/keyval.tex))
\XKV@depth=\count185
File: xkeyval.tex 2014/12/03 v2.7a key=value parser (HA)
))
\sa@internal=\count186
\c@sapage=\count187
 (/usr/share/texmf-dist/tex/latex/standalone/standalone.cfg
File: standalone.cfg 2018/03/26 v1.3a Default configuration file for 'standalone' class
) (/usr/share/texmf-dist/tex/latex/base/article.cls
Document Class: article 2021/10/04 v1.4n Standard LaTeX document class
(/usr/share/texmf-dist/tex/latex/base/size10.clo
File: size10.clo 2021/10/04 v1.4n Standard LaTeX file (size option)
)
\c@part=\count188
\c@section=\count189
\c@subsection=\count190
\c@subsubsection=\count191
\c@paragraph=\count192
\c@subparagraph=\count193
\c@figure=\count194
\c@table=\count195
\abovecaptionskip=\skip47
\belowcaptionskip=\skip48
\bibindent=\dimen138
)
\sa@box=\box50
) (/usr/share/texmf-dist/tex/generic/babel/babel.sty
Package: babel 2022/02/26 3.73 The Babel package
\babel@savecnt=\count196
\U@D=\dimen139
\l@unhyphenated=\language87
 (/usr/share/texmf-dist/tex/generic/babel/txtbabel.def)
\bbl@readstream=\read2
\bbl@dirlevel=\count197
 (/usr/share/texmf-dist/tex/generic/babel-english/english.ldf
Language: english 2017/06/06 v3.3r English support from the babel system
Package babel Info: Hyphen rules for 'canadian' set to \l@english
(babel)             (\language0). Reported on input line 102.
Package babel Info: Hyphen rules for 'australian' set to \l@ukenglish
(babel)             (\language21). Reported on input line 105.
Package babel Info: Hyphen rules for 'newzealand' set to \l@ukenglish
(babel)             (\language21). Reported on input line 108.
)) (/usr/share/texmf-dist/tex/latex/amsfonts/amssymb.sty
Package: amssymb 2013/01/14 v3.01 AMS font symbols
 (/usr/share/texmf-dist/tex/latex/amsfonts/amsfonts.sty
Package: amsfonts 2013/01/14 v3.01 Basic AMSFonts support
\@emptytoks=\toks18
\symAMSa=\mathgroup4
\symAMSb=\mathgroup5
LaTeX Font Info:    Redeclaring math symbol \hbar on input line 98.
LaTeX Font Info:    Overwriting math alphabet `\mathfrak' in version `bold'
(Font)                  U/euf/m/n --> U/euf/b/n on input line 106.
)) (/usr/share/texmf-dist/tex/latex/csquotes/csquotes.sty
Package: csquotes 2021-02-22 v5.2l context-sensitive quotations (JAW)
 (/usr/share/texmf-dist/tex/latex/etoolbox/etoolbox.sty
Package: etoolbox 2020/10/05 v2.5k e-TeX tools for LaTeX (JAW)
\etb@tempcnta=\count198
)
\csq@reset=\count199
\csq@gtype=\count266
\csq@glevel=\count267
\csq@qlevel=\count268
\csq@maxlvl=\count269
\csq@tshold=\count270
\csq@ltx@everypar=\toks19
 (/usr/share/texmf-dist/tex/latex/csquotes/csquotes.def
File: csquotes.def 2021-02-22 v5.2l csquotes generic definitions (JAW)
)
Package csquotes Info: Trying to load configuration file 'csquotes.cfg'...
Package csquotes Info: ... configuration file loaded successfully.
 (/usr/share/texmf-dist/tex/latex/csquotes/csquotes.cfg
File: csquotes.cfg 
)) (/usr/share/texmf-dist/tex/latex/xcolor/xcolor.sty
Package: xcolor 2021/10/31 v2.13 LaTeX color extensions (UK)
 (/usr/share/texmf-dist/tex/latex/graphics-cfg/color.cfg
File: color.cfg 2016/01/02 v1.6 sample color configuration
)
Package xcolor Info: Driver file: pdftex.def on input line 227.
 (/usr/share/texmf-dist/tex/latex/graphics-def/pdftex.def
File: pdftex.def 2020/10/05 v1.2a Graphics/color driver for pdftex
)
Package xcolor Info: Model `cmy' substituted by `cmy0' on input line 1352.
Package xcolor Info: Model `hsb' substituted by `rgb' on input line 1356.
Package xcolor Info: Model `RGB' extended on input line 1368.
Package xcolor Info: Model `HTML' substituted by `rgb' on input line 1370.
Package xcolor Info: Model `Hsb' substituted by `hsb' on input line 1371.
Package xcolor Info: Model `tHsb' substituted by `hsb' on input line 1372.
Package xcolor Info: Model `HSB' substituted by `hsb' on input line 1373.
Package xcolor Info: Model `Gray' substituted by `gray' on input line 1374.
Package xcolor Info: Model `wave' substituted by `hsb' on input line 1375.
) (/usr/share/texmf-dist/tex/latex/adjustbox/adjustbox.sty
Package: adjustbox 2020/08/19 v1.3 Adjusting TeX boxes (trim, clip, ...)
 (/usr/share/texmf-dist/tex/latex/adjustbox/adjcalc.sty
Package: adjcalc 2012/05/16 v1.1 Provides advanced setlength with multiple back-ends (calc, etex, pgfmath)
) (/usr/share/texmf-dist/tex/latex/adjustbox/trimclip.sty
Package: trimclip 2020/08/19 v1.2 Trim and clip general TeX material
 (/usr/share/texmf-dist/tex/latex/graphics/graphicx.sty
Package: graphicx 2021/09/16 v1.2d Enhanced LaTeX Graphics (DPC,SPQR)
 (/usr/share/texmf-dist/tex/latex/graphics/graphics.sty
Package: graphics 2021/03/04 v1.4d Standard LaTeX Graphics (DPC,SPQR)
 (/usr/share/texmf-dist/tex/latex/graphics/trig.sty
Package: trig 2021/08/11 v1.11 sin cos tan (DPC)
) (/usr/share/texmf-dist/tex/latex/graphics-cfg/graphics.cfg
File: graphics.cfg 2016/06/04 v1.11 sample graphics configuration
)
Package graphics Info: Driver file: pdftex.def on input line 107.
)
\Gin@req@height=\dimen140
\Gin@req@width=\dimen141
) (/usr/share/texmf-dist/tex/latex/collectbox/collectbox.sty
Package: collectbox 2012/05/17 v0.4b Collect macro arguments as boxes
\collectedbox=\box51
)
\tc@llx=\dimen142
\tc@lly=\dimen143
\tc@urx=\dimen144
\tc@ury=\dimen145
Package trimclip Info: Using driver 'tc-pdftex.def'.
 (/usr/share/texmf-dist/tex/latex/adjustbox/tc-pdftex.def
File: tc-pdftex.def 2019/01/04 v2.2 Clipping driver for pdftex
))
\adjbox@Width=\dimen146
\adjbox@Height=\dimen147
\adjbox@Depth=\dimen148
\adjbox@Totalheight=\dimen149
\adjbox@pwidth=\dimen150
\adjbox@pheight=\dimen151
\adjbox@pdepth=\dimen152
\adjbox@ptotalheight=\dimen153
 (/usr/share/texmf-dist/tex/latex/ifoddpage/ifoddpage.sty
Package: ifoddpage 2016/04/23 v1.1 Conditionals for odd/even page detection
\c@checkoddpage=\count271
) (/usr/share/texmf-dist/tex/latex/varwidth/varwidth.sty
Package: varwidth 2009/03/30 ver 0.92;  Variable-width minipages
\@vwid@box=\box52
\sift@deathcycles=\count272
\@vwid@loff=\dimen154
\@vwid@roff=\dimen155
)) (/usr/share/texmf-dist/tex/latex/nicematrix/nicematrix.sty (/usr/share/texmf-dist/tex/latex/pgf/basiclayer/pgfcore.sty (/usr/share/texmf-dist/tex/latex/pgf/systemlayer/pgfsys.sty (/usr/share/texmf-dist/tex/latex/pgf/utilities/pgfrcs.sty (/usr/share/texmf-dist/tex/generic/pgf/utilities/pgfutil-common.tex
\pgfutil@everybye=\toks20
\pgfutil@tempdima=\dimen156
\pgfutil@tempdimb=\dimen157
 (/usr/share/texmf-dist/tex/generic/pgf/utilities/pgfutil-common-lists.tex)) (/usr/share/texmf-dist/tex/generic/pgf/utilities/pgfutil-latex.def
\pgfutil@abb=\box53
) (/usr/share/texmf-dist/tex/generic/pgf/utilities/pgfrcs.code.tex (/usr/share/texmf-dist/tex/generic/pgf/pgf.revision.tex)
Package: pgfrcs 2021/05/15 v3.1.9a (3.1.9a)
)) (/usr/share/texmf-dist/tex/generic/pgf/systemlayer/pgfsys.code.tex
Package: pgfsys 2021/05/15 v3.1.9a (3.1.9a)

(/usr/share/texmf-dist/tex/generic/pgf/utilities/pgfkeys.code.tex
\pgfkeys@pathtoks=\toks21
\pgfkeys@temptoks=\toks22
 (/usr/share/texmf-dist/tex/generic/pgf/utilities/pgfkeysfiltered.code.tex
\pgfkeys@tmptoks=\toks23
))
\pgf@x=\dimen158
\pgf@y=\dimen159
\pgf@xa=\dimen160
\pgf@ya=\dimen161
\pgf@xb=\dimen162
\pgf@yb=\dimen163
\pgf@xc=\dimen164
\pgf@yc=\dimen165
\pgf@xd=\dimen166
\pgf@yd=\dimen167
\w@pgf@writea=\write3
\r@pgf@reada=\read3
\c@pgf@counta=\count273
\c@pgf@countb=\count274
\c@pgf@countc=\count275
\c@pgf@countd=\count276
\t@pgf@toka=\toks24
\t@pgf@tokb=\toks25
\t@pgf@tokc=\toks26
\pgf@sys@id@count=\count277
 (/usr/share/texmf-dist/tex/generic/pgf/systemlayer/pgf.cfg
File: pgf.cfg 2021/05/15 v3.1.9a (3.1.9a)
)
Driver file for pgf: pgfsys-pdftex.def
 (/usr/share/texmf-dist/tex/generic/pgf/systemlayer/pgfsys-pdftex.def
File: pgfsys-pdftex.def 2021/05/15 v3.1.9a (3.1.9a)
 (/usr/share/texmf-dist/tex/generic/pgf/systemlayer/pgfsys-common-pdf.def
File: pgfsys-common-pdf.def 2021/05/15 v3.1.9a (3.1.9a)
))) (/usr/share/texmf-dist/tex/generic/pgf/systemlayer/pgfsyssoftpath.code.tex
File: pgfsyssoftpath.code.tex 2021/05/15 v3.1.9a (3.1.9a)
\pgfsyssoftpath@smallbuffer@items=\count278
\pgfsyssoftpath@bigbuffer@items=\count279
) (/usr/share/texmf-dist/tex/generic/pgf/systemlayer/pgfsysprotocol.code.tex
File: pgfsysprotocol.code.tex 2021/05/15 v3.1.9a (3.1.9a)
)) (/usr/share/texmf-dist/tex/generic/pgf/basiclayer/pgfcore.code.tex
Package: pgfcore 2021/05/15 v3.1.9a (3.1.9a)
 (/usr/share/texmf-dist/tex/generic/pgf/math/pgfmath.code.tex (/usr/share/texmf-dist/tex/generic/pgf/math/pgfmathcalc.code.tex (/usr/share/texmf-dist/tex/generic/pgf/math/pgfmathutil.code.tex) (/usr/share/texmf-dist/tex/generic/pgf/math/pgfmathparser.code.tex
\pgfmath@dimen=\dimen168
\pgfmath@count=\count280
\pgfmath@box=\box54
\pgfmath@toks=\toks27
\pgfmath@stack@operand=\toks28
\pgfmath@stack@operation=\toks29
) (/usr/share/texmf-dist/tex/generic/pgf/math/pgfmathfunctions.code.tex (/usr/share/texmf-dist/tex/generic/pgf/math/pgfmathfunctions.basic.code.tex) (/usr/share/texmf-dist/tex/generic/pgf/math/pgfmathfunctions.trigonometric.code.tex) (/usr/share/texmf-dist/tex/generic/pgf/math/pgfmathfunctions.random.code.tex) (/usr/share/texmf-dist/tex/generic/pgf/math/pgfmathfunctions.comparison.code.tex) (/usr/share/texmf-dist/tex/generic/pgf/math/pgfmathfunctions.base.code.tex) (/usr/share/texmf-dist/tex/generic/pgf/math/pgfmathfunctions.round.code.tex) (/usr/share/texmf-dist/tex/generic/pgf/math/pgfmathfunctions.misc.code.tex) (/usr/share/texmf-dist/tex/generic/pgf/math/pgfmathfunctions.integerarithmetics.code.tex))) (/usr/share/texmf-dist/tex/generic/pgf/math/pgfmathfloat.code.tex
\c@pgfmathroundto@lastzeros=\count281
)) (/usr/share/texmf-dist/tex/generic/pgf/math/pgfint.code.tex) (/usr/share/texmf-dist/tex/generic/pgf/basiclayer/pgfcorepoints.code.tex
File: pgfcorepoints.code.tex 2021/05/15 v3.1.9a (3.1.9a)
\pgf@picminx=\dimen169
\pgf@picmaxx=\dimen170
\pgf@picminy=\dimen171
\pgf@picmaxy=\dimen172
\pgf@pathminx=\dimen173
\pgf@pathmaxx=\dimen174
\pgf@pathminy=\dimen175
\pgf@pathmaxy=\dimen176
\pgf@xx=\dimen177
\pgf@xy=\dimen178
\pgf@yx=\dimen179
\pgf@yy=\dimen180
\pgf@zx=\dimen181
\pgf@zy=\dimen182
) (/usr/share/texmf-dist/tex/generic/pgf/basiclayer/pgfcorepathconstruct.code.tex
File: pgfcorepathconstruct.code.tex 2021/05/15 v3.1.9a (3.1.9a)
\pgf@path@lastx=\dimen183
\pgf@path@lasty=\dimen184
) (/usr/share/texmf-dist/tex/generic/pgf/basiclayer/pgfcorepathusage.code.tex
File: pgfcorepathusage.code.tex 2021/05/15 v3.1.9a (3.1.9a)
\pgf@shorten@end@additional=\dimen185
\pgf@shorten@start@additional=\dimen186
) (/usr/share/texmf-dist/tex/generic/pgf/basiclayer/pgfcorescopes.code.tex
File: pgfcorescopes.code.tex 2021/05/15 v3.1.9a (3.1.9a)
\pgfpic=\box55
\pgf@hbox=\box56
\pgf@layerbox@main=\box57
\pgf@picture@serial@count=\count282
)
(/usr/share/texmf-dist/tex/generic/pgf/basiclayer/pgfcoregraphicstate.code.tex
File: pgfcoregraphicstate.code.tex 2021/05/15 v3.1.9a (3.1.9a)
\pgflinewidth=\dimen187
) (/usr/share/texmf-dist/tex/generic/pgf/basiclayer/pgfcoretransformations.code.tex
File: pgfcoretransformations.code.tex 2021/05/15 v3.1.9a (3.1.9a)
\pgf@pt@x=\dimen188
\pgf@pt@y=\dimen189
\pgf@pt@temp=\dimen190
) (/usr/share/texmf-dist/tex/generic/pgf/basiclayer/pgfcorequick.code.tex
File: pgfcorequick.code.tex 2021/05/15 v3.1.9a (3.1.9a)
) (/usr/share/texmf-dist/tex/generic/pgf/basiclayer/pgfcoreobjects.code.tex
File: pgfcoreobjects.code.tex 2021/05/15 v3.1.9a (3.1.9a)
) (/usr/share/texmf-dist/tex/generic/pgf/basiclayer/pgfcorepathprocessing.code.tex
File: pgfcorepathprocessing.code.tex 2021/05/15 v3.1.9a (3.1.9a)
) (/usr/share/texmf-dist/tex/generic/pgf/basiclayer/pgfcorearrows.code.tex
File: pgfcorearrows.code.tex 2021/05/15 v3.1.9a (3.1.9a)
\pgfarrowsep=\dimen191
) (/usr/share/texmf-dist/tex/generic/pgf/basiclayer/pgfcoreshade.code.tex
File: pgfcoreshade.code.tex 2021/05/15 v3.1.9a (3.1.9a)
\pgf@max=\dimen192
\pgf@sys@shading@range@num=\count283
\pgf@shadingcount=\count284
) (/usr/share/texmf-dist/tex/generic/pgf/basiclayer/pgfcoreimage.code.tex
File: pgfcoreimage.code.tex 2021/05/15 v3.1.9a (3.1.9a)
 (/usr/share/texmf-dist/tex/generic/pgf/basiclayer/pgfcoreexternal.code.tex
File: pgfcoreexternal.code.tex 2021/05/15 v3.1.9a (3.1.9a)
\pgfexternal@startupbox=\box58
)) (/usr/share/texmf-dist/tex/generic/pgf/basiclayer/pgfcorelayers.code.tex
File: pgfcorelayers.code.tex 2021/05/15 v3.1.9a (3.1.9a)
) (/usr/share/texmf-dist/tex/generic/pgf/basiclayer/pgfcoretransparency.code.tex
File: pgfcoretransparency.code.tex 2021/05/15 v3.1.9a (3.1.9a)
) (/usr/share/texmf-dist/tex/generic/pgf/basiclayer/pgfcorepatterns.code.tex
File: pgfcorepatterns.code.tex 2021/05/15 v3.1.9a (3.1.9a)
) (/usr/share/texmf-dist/tex/generic/pgf/basiclayer/pgfcorerdf.code.tex
File: pgfcorerdf.code.tex 2021/05/15 v3.1.9a (3.1.9a)
))) (/usr/share/texmf-dist/tex/generic/pgf/modules/pgfmoduleshapes.code.tex
File: pgfmoduleshapes.code.tex 2021/05/15 v3.1.9a (3.1.9a)
\pgfnodeparttextbox=\box59
) (/usr/share/texmf-dist/tex/latex/l3packages/l3keys2e/l3keys2e.sty (/usr/share/texmf-dist/tex/latex/l3kernel/expl3.sty
Package: expl3 2022-04-10 L3 programming layer (loader) 
 (/usr/share/texmf-dist/tex/latex/l3backend/l3backend-pdftex.def
File: l3backend-pdftex.def 2022-04-14 L3 backend support: PDF output (pdfTeX)
\l__color_backend_stack_int=\count285
\l__pdf_internal_box=\box60
))
Package: l3keys2e 2022-01-12 LaTeX2e option processing using LaTeX3 keys
)
Package: nicematrix 2022/03/11 v6.8 Enhanced arrays with the help of PGF/TikZ
 (/usr/share/texmf-dist/tex/latex/l3packages/xparse/xparse.sty
Package: xparse 2022-01-12 L3 Experimental document command parser
) (/usr/share/texmf-dist/tex/latex/tools/array.sty
Package: array 2021/10/04 v2.5f Tabular extension package (FMi)
\col@sep=\dimen193
\ar@mcellbox=\box61
\extrarowheight=\dimen194
\NC@list=\toks30
\extratabsurround=\skip49
\backup@length=\skip50
\ar@cellbox=\box62
) (/usr/share/texmf-dist/tex/latex/amsmath/amsmath.sty
Package: amsmath 2021/10/15 v2.17l AMS math features
\@mathmargin=\skip51

For additional information on amsmath, use the `?' option.
(/usr/share/texmf-dist/tex/latex/amsmath/amstext.sty
Package: amstext 2021/08/26 v2.01 AMS text
 (/usr/share/texmf-dist/tex/latex/amsmath/amsgen.sty
File: amsgen.sty 1999/11/30 v2.0 generic functions
\@emptytoks=\toks31
\ex@=\dimen195
)) (/usr/share/texmf-dist/tex/latex/amsmath/amsbsy.sty
Package: amsbsy 1999/11/29 v1.2d Bold Symbols
\pmbraise@=\dimen196
) (/usr/share/texmf-dist/tex/latex/amsmath/amsopn.sty
Package: amsopn 2021/08/26 v2.02 operator names
)
\inf@bad=\count286
LaTeX Info: Redefining \frac on input line 234.
\uproot@=\count287
\leftroot@=\count288
LaTeX Info: Redefining \overline on input line 399.
\classnum@=\count289
\DOTSCASE@=\count290
LaTeX Info: Redefining \ldots on input line 496.
LaTeX Info: Redefining \dots on input line 499.
LaTeX Info: Redefining \cdots on input line 620.
\Mathstrutbox@=\box63
\strutbox@=\box64
\big@size=\dimen197
LaTeX Font Info:    Redeclaring font encoding OML on input line 743.
LaTeX Font Info:    Redeclaring font encoding OMS on input line 744.
\macc@depth=\count291
\c@MaxMatrixCols=\count292
\dotsspace@=\muskip16
\c@parentequation=\count293
\dspbrk@lvl=\count294
\tag@help=\toks32
\row@=\count295
\column@=\count296
\maxfields@=\count297
\andhelp@=\toks33
\eqnshift@=\dimen198
\alignsep@=\dimen199
\tagshift@=\dimen256
\tagwidth@=\dimen257
\totwidth@=\dimen258
\lineht@=\dimen259
\@envbody=\toks34
\multlinegap=\skip52
\multlinetaggap=\skip53
\mathdisplay@stack=\toks35
LaTeX Info: Redefining \[ on input line 2938.
LaTeX Info: Redefining \] on input line 2939.
)
\g__nicematrix_env_int=\count298
\g__nicematrix_NiceMatrixBlock_int=\count299
\l__nicematrix_columns_width_dim=\dimen260
\l__nicematrix_col_width_dim=\dimen261
\g__nicematrix_row_total_int=\count300
\g__nicematrix_col_total_int=\count301
\l__nicematrix_key_nb_rows_int=\count302
\g__nicematrix_blocks_wd_dim=\dimen262
\g__nicematrix_blocks_ht_dim=\dimen263
\g__nicematrix_blocks_dp_dim=\dimen264
\l__nicematrix_width_dim=\dimen265
\l__nicematrix_tabular_width_dim=\dimen266
\l__nicematrix_old_iRow_int=\count303
\l__nicematrix_old_jCol_int=\count304
\g__nicematrix_total_X_weight_int=\count305
\l__nicematrix_X_columns_dim=\dimen267
\l__nicematrix_x_initial_dim=\dimen268
\l__nicematrix_y_initial_dim=\dimen269
\l__nicematrix_x_final_dim=\dimen270
\l__nicematrix_y_final_dim=\dimen271
\l__nicematrix_tmpc_dim=\dimen272
\l__nicematrix_tmpd_dim=\dimen273
\g__nicematrix_width_last_col_dim=\dimen274
\g__nicematrix_width_first_col_dim=\dimen275
\l__nicematrix_row_min_int=\count306
\l__nicematrix_row_max_int=\count307
\l__nicematrix_col_min_int=\count308
\l__nicematrix_col_max_int=\count309
\g__nicematrix_static_num_of_col_int=\count310
\l__nicematrix_rounded_corners_dim=\dimen276
\l__nicematrix_line_width_dim=\dimen277
\g__nicematrix_block_box_int=\count311
\l__nicematrix_submatrix_extra_height_dim=\dimen278
\l__nicematrix_submatrix_left_xshift_dim=\dimen279
\l__nicematrix_submatrix_right_xshift_dim=\dimen280
\l__nicematrix_first_row_int=\count312
\l__nicematrix_first_col_int=\count313
\l__nicematrix_last_row_int=\count314
\l__nicematrix_last_col_int=\count315
\c@tabularnote=\count316
\c@nicematrix_draft=\count317
\l__nicematrix_cell_space_top_limit_dim=\dimen281
\l__nicematrix_cell_space_bottom_limit_dim=\dimen282
\l__nicematrix_inter_dots_dim=\dimen283
\l__nicematrix_xdots_shorten_dim=\dimen284
\l__nicematrix_radius_dim=\dimen285
\l__nicematrix_notes_above_space_dim=\dimen286
\l__nicematrix_left_margin_dim=\dimen287
\l__nicematrix_right_margin_dim=\dimen288
\l__nicematrix_extra_left_margin_dim=\dimen289
\l__nicematrix_extra_right_margin_dim=\dimen290
\c__nicematrix_max_l_dim=\dimen291
\l__nicematrix_position_int=\count318
\l__nicematrix_start_int=\count319
\l__nicematrix_end_int=\count320
\l__nicematrix_multiplicity_int=\count321
\l__nicematrix_rule_width_dim=\dimen292
\l__nicematrix_tmpc_int=\count322
\l__nicematrix_brace_yshift_dim=\dimen293
) (/usr/share/texmf-dist/tex/latex/pgf/frontendlayer/tikz.sty (/usr/share/texmf-dist/tex/latex/pgf/basiclayer/pgf.sty
Package: pgf 2021/05/15 v3.1.9a (3.1.9a)
 (/usr/share/texmf-dist/tex/generic/pgf/modules/pgfmoduleplot.code.tex
File: pgfmoduleplot.code.tex 2021/05/15 v3.1.9a (3.1.9a)
) (/usr/share/texmf-dist/tex/latex/pgf/compatibility/pgfcomp-version-0-65.sty
Package: pgfcomp-version-0-65 2021/05/15 v3.1.9a (3.1.9a)
\pgf@nodesepstart=\dimen294
\pgf@nodesepend=\dimen295
) (/usr/share/texmf-dist/tex/latex/pgf/compatibility/pgfcomp-version-1-18.sty
Package: pgfcomp-version-1-18 2021/05/15 v3.1.9a (3.1.9a)
)) (/usr/share/texmf-dist/tex/latex/pgf/utilities/pgffor.sty (/usr/share/texmf-dist/tex/latex/pgf/utilities/pgfkeys.sty (/usr/share/texmf-dist/tex/generic/pgf/utilities/pgfkeys.code.tex)) (/usr/share/texmf-dist/tex/latex/pgf/math/pgfmath.sty (/usr/share/texmf-dist/tex/generic/pgf/math/pgfmath.code.tex)) (/usr/share/texmf-dist/tex/generic/pgf/utilities/pgffor.code.tex
Package: pgffor 2021/05/15 v3.1.9a (3.1.9a)
 (/usr/share/texmf-dist/tex/generic/pgf/math/pgfmath.code.tex)
\pgffor@iter=\dimen296
\pgffor@skip=\dimen297
\pgffor@stack=\toks36
\pgffor@toks=\toks37
)) (/usr/share/texmf-dist/tex/generic/pgf/frontendlayer/tikz/tikz.code.tex
Package: tikz 2021/05/15 v3.1.9a (3.1.9a)
 (/usr/share/texmf-dist/tex/generic/pgf/libraries/pgflibraryplothandlers.code.tex
File: pgflibraryplothandlers.code.tex 2021/05/15 v3.1.9a (3.1.9a)
\pgf@plot@mark@count=\count323
\pgfplotmarksize=\dimen298
)
\tikz@lastx=\dimen299
\tikz@lasty=\dimen300
\tikz@lastxsaved=\dimen301
\tikz@lastysaved=\dimen302
\tikz@lastmovetox=\dimen303
\tikz@lastmovetoy=\dimen304
\tikzleveldistance=\dimen305
\tikzsiblingdistance=\dimen306
\tikz@figbox=\box65
\tikz@figbox@bg=\box66
\tikz@tempbox=\box67
\tikz@tempbox@bg=\box68
\tikztreelevel=\count324
\tikznumberofchildren=\count325
\tikznumberofcurrentchild=\count326
\tikz@fig@count=\count327
 (/usr/share/texmf-dist/tex/generic/pgf/modules/pgfmodulematrix.code.tex
File: pgfmodulematrix.code.tex 2021/05/15 v3.1.9a (3.1.9a)
\pgfmatrixcurrentrow=\count328
\pgfmatrixcurrentcolumn=\count329
\pgf@matrix@numberofcolumns=\count330
)
\tikz@expandcount=\count331
 (/usr/share/texmf-dist/tex/generic/pgf/frontendlayer/tikz/libraries/tikzlibrarytopaths.code.tex
File: tikzlibrarytopaths.code.tex 2021/05/15 v3.1.9a (3.1.9a)
))) (/usr/share/texmf-dist/tex/generic/pgf/libraries/pgflibraryarrows.meta.code.tex
File: pgflibraryarrows.meta.code.tex 2021/05/15 v3.1.9a (3.1.9a)
\pgfarrowinset=\dimen307
\pgfarrowlength=\dimen308
\pgfarrowwidth=\dimen309
\pgfarrowlinewidth=\dimen310
) (/usr/share/texmf-dist/tex/generic/pgf/frontendlayer/tikz/libraries/tikzlibrarypositioning.code.tex
File: tikzlibrarypositioning.code.tex 2021/05/15 v3.1.9a (3.1.9a)
) (/usr/share/texmf-dist/tex/generic/pgf/frontendlayer/tikz/libraries/graphs/tikzlibrarygraphs.code.tex
File: tikzlibrarygraphs.code.tex 2021/05/15 v3.1.9a (3.1.9a)
\tikz@lib@auto@number=\count332
\tikz@qnode@count=\count333
) (/usr/share/texmf-dist/tex/generic/pgf/frontendlayer/tikz/libraries/tikzlibrarypatterns.code.tex
File: tikzlibrarypatterns.code.tex 2021/05/15 v3.1.9a (3.1.9a)
 (/usr/share/texmf-dist/tex/generic/pgf/libraries/pgflibrarypatterns.code.tex
File: pgflibrarypatterns.code.tex 2021/05/15 v3.1.9a (3.1.9a)
)) (/usr/share/texmf-dist/tex/generic/pgf/frontendlayer/tikz/libraries/tikzlibraryshadings.code.tex
File: tikzlibraryshadings.code.tex 2021/05/15 v3.1.9a (3.1.9a)
 (/usr/share/texmf-dist/tex/generic/pgf/libraries/pgflibraryshadings.code.tex
File: pgflibraryshadings.code.tex 2021/05/15 v3.1.9a (3.1.9a)
))
(/usr/share/texmf-dist/tex/generic/pgf/frontendlayer/tikz/libraries/tikzlibrarymindmap.code.tex
File: tikzlibrarymindmap.code.tex 2021/05/15 v3.1.9a (3.1.9a)
 (/usr/share/texmf-dist/tex/generic/pgf/frontendlayer/tikz/libraries/tikzlibrarytrees.code.tex
File: tikzlibrarytrees.code.tex 2021/05/15 v3.1.9a (3.1.9a)
) (/usr/share/texmf-dist/tex/generic/pgf/frontendlayer/tikz/libraries/tikzlibrarydecorations.code.tex (/usr/share/texmf-dist/tex/generic/pgf/modules/pgfmoduledecorations.code.tex
\pgfdecoratedcompleteddistance=\dimen311
\pgfdecoratedremainingdistance=\dimen312
\pgfdecoratedinputsegmentcompleteddistance=\dimen313
\pgfdecoratedinputsegmentremainingdistance=\dimen314
\pgf@decorate@distancetomove=\dimen315
\pgf@decorate@repeatstate=\count334
\pgfdecorationsegmentamplitude=\dimen316
\pgfdecorationsegmentlength=\dimen317
)
\tikz@lib@dec@box=\box69
)) (/usr/share/texmf-dist/tex/generic/pgf/frontendlayer/tikz/libraries/tikzlibraryshadows.code.tex
File: tikzlibraryshadows.code.tex 2021/05/15 v3.1.9a (3.1.9a)
 (/usr/share/texmf-dist/tex/generic/pgf/frontendlayer/tikz/libraries/tikzlibraryfadings.code.tex
File: tikzlibraryfadings.code.tex 2021/05/15 v3.1.9a (3.1.9a)
 (/usr/share/texmf-dist/tex/generic/pgf/libraries/pgflibraryfadings.code.tex
File: pgflibraryfadings.code.tex 2021/05/15 v3.1.9a (3.1.9a)
))) (/usr/share/texmf-dist/tex/generic/pgf/frontendlayer/tikz/libraries/tikzlibrarybackgrounds.code.tex
File: tikzlibrarybackgrounds.code.tex 2021/05/15 v3.1.9a (3.1.9a)
\pgf@layerbox@background=\box70
\pgf@layerboxsaved@background=\box71
)
\leveldistance=\skip54
Package csquotes Info: Checking for multilingual support...
Package csquotes Info: ... found 'babel' package.
Package csquotes Info: Adjusting default style.
Package csquotes Info: Redefining alias 'default' -> 'english'.
 (./Mindmap.aux)
\openout1 = `Mindmap.aux'.

LaTeX Font Info:    Checking defaults for OML/cmm/m/it on input line 43.
LaTeX Font Info:    ... okay on input line 43.
LaTeX Font Info:    Checking defaults for OMS/cmsy/m/n on input line 43.
LaTeX Font Info:    ... okay on input line 43.
LaTeX Font Info:    Checking defaults for OT1/cmr/m/n on input line 43.
LaTeX Font Info:    ... okay on input line 43.
LaTeX Font Info:    Checking defaults for T1/cmr/m/n on input line 43.
LaTeX Font Info:    ... okay on input line 43.
LaTeX Font Info:    Checking defaults for TS1/cmr/m/n on input line 43.
LaTeX Font Info:    ... okay on input line 43.
LaTeX Font Info:    Checking defaults for OMX/cmex/m/n on input line 43.
LaTeX Font Info:    ... okay on input line 43.
LaTeX Font Info:    Checking defaults for U/cmr/m/n on input line 43.
LaTeX Font Info:    ... okay on input line 43.
 (/usr/share/texmf-dist/tex/context/base/mkii/supp-pdf.mkii
[Loading MPS to PDF converter (version 2006.09.02).]
\scratchcounter=\count335
\scratchdimen=\dimen318
\scratchbox=\box72
\nofMPsegments=\count336
\nofMParguments=\count337
\everyMPshowfont=\toks38
\MPscratchCnt=\count338
\MPscratchDim=\dimen319
\MPnumerator=\count339
\makeMPintoPDFobject=\count340
\everyMPtoPDFconversion=\toks39
) (/usr/share/texmf-dist/tex/latex/epstopdf-pkg/epstopdf-base.sty
Package: epstopdf-base 2020-01-24 v2.11 Base part for package epstopdf
Package epstopdf-base Info: Redefining graphics rule for `.eps' on input line 485.
 (/usr/share/texmf-dist/tex/latex/latexconfig/epstopdf-sys.cfg
File: epstopdf-sys.cfg 2010/07/13 v1.3 Configuration of (r)epstopdf for TeX Live
))
<./figures/matrix_multiply.png, id=32, 472.6458pt x 307.8702pt>
File: ./figures/matrix_multiply.png Graphic file (type png)
<use ./figures/matrix_multiply.png>
Package pdftex.def Info: ./figures/matrix_multiply.png  used on input line 2263.
(pdftex.def)             Requested size: 227.62204pt x 148.26457pt.
<./figures/row_column_major.png, id=33, 803.0pt x 1071.00125pt>
File: ./figures/row_column_major.png Graphic file (type png)
<use ./figures/row_column_major.png>
Package pdftex.def Info: ./figures/row_column_major.png  used on input line 2263.
(pdftex.def)             Requested size: 68.2873pt x 91.07475pt.
<./figures/row_column_major_2.png, id=34, 277.78781pt x 253.69781pt>
File: ./figures/row_column_major_2.png Graphic file (type png)
<use ./figures/row_column_major_2.png>
Package pdftex.def Info: ./figures/row_column_major_2.png  used on input line 2263.
(pdftex.def)             Requested size: 159.33473pt x 145.51897pt.

Overfull \hbox (2.83305pt too wide) in paragraph at lines 2263--2263
[][] [] 
 []

LaTeX Font Info:    Trying to load font information for U+msa on input line 2263.
(/usr/share/texmf-dist/tex/latex/amsfonts/umsa.fd
File: umsa.fd 2013/01/14 v3.01 AMS symbols A
)
LaTeX Font Info:    Trying to load font information for U+msb on input line 2263.
 (/usr/share/texmf-dist/tex/latex/amsfonts/umsb.fd
File: umsb.fd 2013/01/14 v3.01 AMS symbols B
)
<./figures/endianes.png, id=39, 770.88pt x 688.07062pt>
File: ./figures/endianes.png Graphic file (type png)
<use ./figures/endianes.png>
Package pdftex.def Info: ./figures/endianes.png  used on input line 2263.
(pdftex.def)             Requested size: 113.81102pt x 101.57877pt.
<./figures/endianes_2.png, id=41, 770.88pt x 688.07062pt>
File: ./figures/endianes_2.png Graphic file (type png)
<use ./figures/endianes_2.png>
Package pdftex.def Info: ./figures/endianes_2.png  used on input line 2263.
(pdftex.def)             Requested size: 113.81102pt x 101.57877pt.
LaTeX Font Info:    Trying to load font information for OML+cmr on input line 2263.
 (/usr/share/texmf-dist/tex/latex/base/omlcmr.fd
File: omlcmr.fd 2019/12/16 v2.5j Standard LaTeX font definitions
)
LaTeX Font Info:    Font shape `OML/cmr/m/n' in size <8> not available
(Font)              Font shape `OML/cmm/m/it' tried instead on input line 2263.

Overfull \hbox (10.04268pt too wide) in paragraph at lines 2263--2263
 [][]\OT1/cmr/m/n/8 Frequenzrechnung 
 []


Overfull \hbox (43.39627pt too wide) in paragraph at lines 2263--2263
[][]$ 
 []

<./figures/aig.png, id=42, 371.13657pt x 432.11438pt>
File: ./figures/aig.png Graphic file (type png)
<use ./figures/aig.png>
Package pdftex.def Info: ./figures/aig.png  used on input line 2263.
(pdftex.def)             Requested size: 227.62204pt x 265.02676pt.
<./figures/work_span_2.png, id=43, 1289.81876pt x 584.1825pt>
File: ./figures/work_span_2.png Graphic file (type png)
<use ./figures/work_span_2.png>
Package pdftex.def Info: ./figures/work_span_2.png  used on input line 2263.
(pdftex.def)             Requested size: 227.62204pt x 103.08919pt.
<./figures/work_span_slides.png, id=44, 721.19438pt x 222.07968pt>
File: ./figures/work_span_slides.png Graphic file (type png)
<use ./figures/work_span_slides.png>
Package pdftex.def Info: ./figures/work_span_slides.png  used on input line 2263.
(pdftex.def)             Requested size: 227.62204pt x 70.091pt.
<./figures/addition.png, id=45, 414.54875pt x 339.2675pt>
File: ./figures/addition.png Graphic file (type png)
<use ./figures/addition.png>
Package pdftex.def Info: ./figures/addition.png  used on input line 2263.
(pdftex.def)             Requested size: 341.43306pt x 279.4384pt.
<./figures/HA_and_FA.png, id=46, 602.25pt x 235.88126pt>
File: ./figures/HA_and_FA.png Graphic file (type png)
<use ./figures/HA_and_FA.png>
Package pdftex.def Info: ./figures/HA_and_FA.png  used on input line 2263.
(pdftex.def)             Requested size: 341.43306pt x 133.73386pt.
<./figures/4_adder_substractor.png, id=47, 709.65125pt x 316.18124pt>
File: ./figures/4_adder_substractor.png Graphic file (type png)
<use ./figures/4_adder_substractor.png>
Package pdftex.def Info: ./figures/4_adder_substractor.png  used on input line 2263.
(pdftex.def)             Requested size: 341.43306pt x 152.1271pt.
<./figures/rippel_carry_adder.png, id=48, 377.91188pt x 270.25969pt>
File: ./figures/rippel_carry_adder.png Graphic file (type png)
<use ./figures/rippel_carry_adder.png>
Package pdftex.def Info: ./figures/rippel_carry_adder.png  used on input line 2263.
(pdftex.def)             Requested size: 227.62204pt x 162.77975pt.
<./figures/prefix_sum.png, id=49, 1118.67938pt x 185.94469pt>
File: ./figures/prefix_sum.png Graphic file (type png)
<use ./figures/prefix_sum.png>
Package pdftex.def Info: ./figures/prefix_sum.png  used on input line 2263.
(pdftex.def)             Requested size: 227.62204pt x 37.83234pt.
<./figures/scan.png, id=50, 212.29312pt x 255.20343pt>
File: ./figures/scan.png Graphic file (type png)
<use ./figures/scan.png>
Package pdftex.def Info: ./figures/scan.png  used on input line 2263.
(pdftex.def)             Requested size: 56.9055pt x 68.4074pt.
<./figures/propagate_and_generate.png, id=51, 663.98062pt x 399.74344pt>
File: ./figures/propagate_and_generate.png Graphic file (type png)
<use ./figures/propagate_and_generate.png>
Package pdftex.def Info: ./figures/propagate_and_generate.png  used on input line 2263.
(pdftex.def)             Requested size: 227.62204pt x 137.03938pt.
<./figures/multipliers.png, id=52, 598.48593pt x 392.96812pt>
File: ./figures/multipliers.png Graphic file (type png)
<use ./figures/multipliers.png>
Package pdftex.def Info: ./figures/multipliers.png  used on input line 2263.
(pdftex.def)             Requested size: 227.62204pt x 149.45535pt.

Overfull \hbox (7.44434pt too wide) in paragraph at lines 2263--2263
 [][]\OT1/cmr/m/n/7 Multplication 
 []

<./figures/multiplication.png, id=53, 286.82156pt x 253.69781pt>
File: ./figures/multiplication.png Graphic file (type png)
<use ./figures/multiplication.png>
Package pdftex.def Info: ./figures/multiplication.png  used on input line 2263.
(pdftex.def)             Requested size: 227.62204pt x 201.3404pt.
<./figures/floating_point.png, id=54, 489.32813pt x 106.89937pt>
File: ./figures/floating_point.png Graphic file (type png)
<use ./figures/floating_point.png>
Package pdftex.def Info: ./figures/floating_point.png  used on input line 2263.
(pdftex.def)             Requested size: 398.33858pt x 87.02351pt.
<./figures/bfloat8.png, id=55, 465.23813pt x 48.18pt>
File: ./figures/bfloat8.png Graphic file (type png)
<use ./figures/bfloat8.png>
Package pdftex.def Info: ./figures/bfloat8.png  used on input line 2263.
(pdftex.def)             Requested size: 227.62204pt x 23.57236pt.
<./figures/floating_point_addition.png, id=56, 652.68843pt x 395.22656pt>
File: ./figures/floating_point_addition.png Graphic file (type png)
<use ./figures/floating_point_addition.png>
Package pdftex.def Info: ./figures/floating_point_addition.png  used on input line 2263.
(pdftex.def)             Requested size: 227.62204pt x 137.83081pt.
<./figures/floating_point_addition_example.png, id=57, 482.55281pt x 275.52937pt>
File: ./figures/floating_point_addition_example.png Graphic file (type png)
<use ./figures/floating_point_addition_example.png>
Package pdftex.def Info: ./figures/floating_point_addition_example.png  used on input line 2263.
(pdftex.def)             Requested size: 113.81102pt x 64.98064pt.
<./figures/floating_point_addition_example_2.png, id=58, 638.385pt x 335.75438pt>
File: ./figures/floating_point_addition_example_2.png Graphic file (type png)
<use ./figures/floating_point_addition_example_2.png>
Package pdftex.def Info: ./figures/floating_point_addition_example_2.png  used on input line 2263.
(pdftex.def)             Requested size: 113.81102pt x 59.85425pt.
<./figures/floating_point_multiplication.png, id=59, 646.66594pt x 398.23781pt>
File: ./figures/floating_point_multiplication.png Graphic file (type png)
<use ./figures/floating_point_multiplication.png>
Package pdftex.def Info: ./figures/floating_point_multiplication.png  used on input line 2263.
(pdftex.def)             Requested size: 227.62204pt x 140.17528pt.
<./figures/float_to_decimal.png, id=60, 1035.87pt x 391.4625pt>
File: ./figures/float_to_decimal.png Graphic file (type png)
<use ./figures/float_to_decimal.png>
Package pdftex.def Info: ./figures/float_to_decimal.png  used on input line 2263.
(pdftex.def)             Requested size: 227.62204pt x 86.02046pt.
<./figures/decicmal_to_float.png, id=61, 766.36313pt x 649.67719pt>
File: ./figures/decicmal_to_float.png Graphic file (type png)
<use ./figures/decicmal_to_float.png>
Package pdftex.def Info: ./figures/decicmal_to_float.png  used on input line 2263.
(pdftex.def)             Requested size: 227.62204pt x 192.96165pt.
<./figures/binary_fraction.png, id=62, 317.68687pt x 250.68657pt>
File: ./figures/binary_fraction.png Graphic file (type png)
<use ./figures/binary_fraction.png>
Package pdftex.def Info: ./figures/binary_fraction.png  used on input line 2263.
(pdftex.def)             Requested size: 113.81102pt x 89.80719pt.
<./figures/decimal_fraction.png, id=63, 219.06844pt x 204.01219pt>
File: ./figures/decimal_fraction.png Graphic file (type png)
<use ./figures/decimal_fraction.png>
Package pdftex.def Info: ./figures/decimal_fraction.png  used on input line 2263.
(pdftex.def)             Requested size: 113.81102pt x 105.99043pt.

Overfull \hbox (2.83307pt too wide) in paragraph at lines 2263--2263
[][] [] 
 []

<./figures/code_if.png, id=64, 283.7802pt x 78.5334pt>
File: ./figures/code_if.png Graphic file (type png)
<use ./figures/code_if.png>
Package pdftex.def Info: ./figures/code_if.png  used on input line 2263.
(pdftex.def)             Requested size: 227.62204pt x 62.99455pt.
<./figures/code_while.png, id=65, 267.8808pt x 90.5784pt>
File: ./figures/code_while.png Graphic file (type png)
<use ./figures/code_while.png>
Package pdftex.def Info: ./figures/code_while.png  used on input line 2263.
(pdftex.def)             Requested size: 227.62204pt x 76.96712pt.
<./figures/code_function_v2.png, id=66, 345.4506pt x 584.4234pt>
File: ./figures/code_function_v2.png Graphic file (type png)
<use ./figures/code_function_v2.png>
Package pdftex.def Info: ./figures/code_function_v2.png  used on input line 2263.
(pdftex.def)             Requested size: 227.62204pt x 385.0964pt.
<./figures/code_function_v1.png, id=67, 315.0972pt x 224.5188pt>
File: ./figures/code_function_v1.png Graphic file (type png)
<use ./figures/code_function_v1.png>
Package pdftex.def Info: ./figures/code_function_v1.png  used on input line 2263.
(pdftex.def)             Requested size: 227.62204pt x 162.18784pt.
<./figures/code_array_2.png, id=68, 63.1158pt x 31.7988pt>
File: ./figures/code_array_2.png Graphic file (type png)
<use ./figures/code_array_2.png>
Package pdftex.def Info: ./figures/code_array_2.png  used on input line 2263.
(pdftex.def)             Requested size: 68.2873pt x 34.40767pt.
<./figures/code_array.png, id=69, 236.5638pt x 90.5784pt>
File: ./figures/code_array.png Graphic file (type png)
<use ./figures/code_array.png>
Package pdftex.def Info: ./figures/code_array.png  used on input line 2263.
(pdftex.def)             Requested size: 227.62204pt x 87.15466pt.
<./figures/dynamically_scheduled_pipeline.png, id=70, 624.08156pt x 409.53pt>
File: ./figures/dynamically_scheduled_pipeline.png Graphic file (type png)
<use ./figures/dynamically_scheduled_pipeline.png>
Package pdftex.def Info: ./figures/dynamically_scheduled_pipeline.png  used on input line 2263.
(pdftex.def)             Requested size: 341.43306pt x 224.05489pt.
<./figures/hazards_alu_instructions.png, id=71, 289.08pt x 198.9834pt>
File: ./figures/hazards_alu_instructions.png Graphic file (type png)
<use ./figures/hazards_alu_instructions.png>
Package pdftex.def Info: ./figures/hazards_alu_instructions.png  used on input line 2263.
(pdftex.def)             Requested size: 341.43306pt x 235.03217pt.
<./figures/hazards_branches.png, id=72, 341.5962pt x 595.023pt>
File: ./figures/hazards_branches.png Graphic file (type png)
<use ./figures/hazards_branches.png>
Package pdftex.def Info: ./figures/hazards_branches.png  used on input line 2263.
(pdftex.def)             Requested size: 341.43306pt x 594.74008pt.
<./figures/hazard_load_use.png, id=73, 341.5962pt x 487.0998pt>
File: ./figures/hazard_load_use.png Graphic file (type png)
<use ./figures/hazard_load_use.png>
Package pdftex.def Info: ./figures/hazard_load_use.png  used on input line 2263.
(pdftex.def)             Requested size: 341.43306pt x 486.86818pt.
<./figures/2_bit_predictor.png, id=74, 353.82187pt x 218.31563pt>
File: ./figures/2_bit_predictor.png Graphic file (type png)
<use ./figures/2_bit_predictor.png>
Package pdftex.def Info: ./figures/2_bit_predictor.png  used on input line 2263.
(pdftex.def)             Requested size: 227.62204pt x 140.44772pt.
<./figures/hazards_control_branch.png, id=75, 315.0972pt x 198.9834pt>
File: ./figures/hazards_control_branch.png Graphic file (type png)
<use ./figures/hazards_control_branch.png>
Package pdftex.def Info: ./figures/hazards_control_branch.png  used on input line 2263.
(pdftex.def)             Requested size: 227.62204pt x 143.74158pt.
<./figures/mapping_physical_to_virtual_address.png, id=76, 501.37312pt x 355.3275pt>
File: ./figures/mapping_physical_to_virtual_address.png Graphic file (type png)
<use ./figures/mapping_physical_to_virtual_address.png>
Package pdftex.def Info: ./figures/mapping_physical_to_virtual_address.png  used on input line 2263.
(pdftex.def)             Requested size: 398.33858pt x 282.32135pt.
<./figures/page_table.png, id=77, 511.9125pt x 392.96812pt>
File: ./figures/page_table.png Graphic file (type png)
<use ./figures/page_table.png>
Package pdftex.def Info: ./figures/page_table.png  used on input line 2263.
(pdftex.def)             Requested size: 398.33858pt x 305.78235pt.
<./figures/tlb.png, id=78, 624.08156pt x 439.6425pt>
File: ./figures/tlb.png Graphic file (type png)
<use ./figures/tlb.png>
Package pdftex.def Info: ./figures/tlb.png  used on input line 2263.
(pdftex.def)             Requested size: 398.33858pt x 280.6189pt.

Overfull \hbox (2.66096pt too wide) in paragraph at lines 2263--2263
 [][]\OT1/cmr/m/n/7 Translation- 
 []


Overfull \hbox (4.75679pt too wide) in paragraph at lines 2263--2263
 [][]\OT1/cmr/m/n/7 Replacement 
 []

File: ./figures/tlb.png Graphic file (type png)
<use ./figures/tlb.png>
Package pdftex.def Info: ./figures/tlb.png  used on input line 2263.
(pdftex.def)             Requested size: 341.43306pt x 240.52953pt.

Overfull \hbox (7.16289pt too wide) in paragraph at lines 2263--2263
[][]$ 
 []

<./figures/pseudo_lru.png, id=79, 285.31593pt x 205.5178pt>
File: ./figures/pseudo_lru.png Graphic file (type png)
<use ./figures/pseudo_lru.png>
Package pdftex.def Info: ./figures/pseudo_lru.png  used on input line 2263.
(pdftex.def)             Requested size: 227.62204pt x 163.95975pt.
<./figures/three_portions_of_address.png, id=80, 605.26125pt x 55.70813pt>
File: ./figures/three_portions_of_address.png Graphic file (type png)
<use ./figures/three_portions_of_address.png>
Package pdftex.def Info: ./figures/three_portions_of_address.png  used on input line 2263.
(pdftex.def)             Requested size: 170.71652pt x 15.7129pt.
<./figures/direct_mapped.png, id=81, 496.85625pt x 495.35063pt>
File: ./figures/direct_mapped.png Graphic file (type png)
<use ./figures/direct_mapped.png>
Package pdftex.def Info: ./figures/direct_mapped.png  used on input line 2263.
(pdftex.def)             Requested size: 170.71652pt x 170.20078pt.
<./figures/1_way_associative.png, id=82, 204.765pt x 247.67531pt>
File: ./figures/1_way_associative.png Graphic file (type png)
<use ./figures/1_way_associative.png>
Package pdftex.def Info: ./figures/1_way_associative.png  used on input line 2263.
(pdftex.def)             Requested size: 85.35826pt x 103.24817pt.
<./figures/two_way_associative.png, id=83, 198.7425pt x 245.41687pt>
File: ./figures/two_way_associative.png Graphic file (type png)
<use ./figures/two_way_associative.png>
Package pdftex.def Info: ./figures/two_way_associative.png  used on input line 2263.
(pdftex.def)             Requested size: 85.35826pt x 105.40735pt.
<./figures/set_associative_cache.png, id=84, 499.8675pt x 411.03563pt>
File: ./figures/set_associative_cache.png Graphic file (type png)
<use ./figures/set_associative_cache.png>
Package pdftex.def Info: ./figures/set_associative_cache.png  used on input line 2263.
(pdftex.def)             Requested size: 170.71652pt x 140.37744pt.
<./figures/fully_associative.png, id=85, 201.75375pt x 233.37187pt>
File: ./figures/fully_associative.png Graphic file (type png)
<use ./figures/fully_associative.png>
Package pdftex.def Info: ./figures/fully_associative.png  used on input line 2263.
(pdftex.def)             Requested size: 85.35826pt x 98.73482pt.
[1

{/var/lib/texmf/fonts/map/pdftex/updmap/pdftex.map} <./figures/matrix_multiply.png (PNG copy)> <./figures/row_column_major.png> <./figures/row_column_major_2.png (PNG copy)> <./figures/endianes.png> <./figures/endianes_2.png> <./figures/aig.png (PNG copy)> <./figures/work_span_2.png> <./figures/work_span_slides.png (PNG copy)> <./figures/addition.png> <./figures/HA_and_FA.png> <./figures/4_adder_substractor.png> <./figures/rippel_carry_adder.png (PNG copy)> <./figures/prefix_sum.png (PNG copy)> <./figures/scan.png (PNG copy)> <./figures/propagate_and_generate.png (PNG copy)> <./figures/multipliers.png (PNG copy)> <./figures/multiplication.png (PNG copy)> <./figures/floating_point.png (PNG copy)> <./figures/bfloat8.png (PNG copy)> <./figures/floating_point_addition.png (PNG copy)> <./figures/floating_point_addition_example.png (PNG copy)> <./figures/floating_point_addition_example_2.png (PNG copy)> <./figures/floating_point_multiplication.png (PNG copy)> <./figures/float_to_decimal.png (PNG copy)> <./figures/decicmal_to_float.png (PNG copy)> <./figures/binary_fraction.png (PNG copy)> <./figures/decimal_fraction.png (PNG copy)> <./figures/code_if.png (PNG copy)> <./figures/code_while.png (PNG copy)> <./figures/code_function_v2.png (PNG copy)> <./figures/code_function_v1.png (PNG copy)> <./figures/code_array_2.png (PNG copy)> <./figures/code_array.png (PNG copy)> <./figures/dynamically_scheduled_pipeline.png (PNG copy)> <./figures/hazards_alu_instructions.png (PNG copy)> <./figures/hazards_branches.png (PNG copy)> <./figures/hazard_load_use.png (PNG copy)> <./figures/2_bit_predictor.png (PNG copy)> <./figures/hazards_control_branch.png (PNG copy)> <./figures/mapping_physical_to_virtual_address.png (PNG copy)> <./figures/page_table.png (PNG copy)> <./figures/tlb.png (PNG copy)> <./figures/pseudo_lru.png (PNG copy)> <./figures/three_portions_of_address.png (PNG copy)> <./figures/direct_mapped.png (PNG copy)> <./figures/1_way_associative.png (PNG copy)> <./figures/two_way
_associative.png (PNG copy)> <./figures/set_associative_cache.png (PNG copy)> <./figures/fully_associative.png (PNG copy)>] (./Mindmap.aux) ) 
Here is how much of TeX's memory you used:
 22213 strings out of 478238
 492381 string characters out of 5850456
 2273278 words of memory out of 5000000
 40046 multiletter control sequences out of 15000+600000
 476379 words of font info for 57 fonts, out of 8000000 for 9000
 1141 hyphenation exceptions out of 8191
 84i,27n,90p,529b,3140s stack positions out of 5000i,500n,10000p,200000b,80000s
</usr/share/texmf-dist/fonts/type1/public/amsfonts/cm/cmbx5.pfb></usr/share/texmf-dist/fonts/type1/public/amsfonts/cmextra/cmex7.pfb></usr/share/texmf-dist/fonts/type1/public/amsfonts/cmextra/cmex8.pfb></usr/share/texmf-dist/fonts/type1/public/amsfonts/cm/cmmi10.pfb></usr/share/texmf-dist/fonts/type1/public/amsfonts/cm/cmmi12.pfb></usr/share/texmf-dist/fonts/type1/public/amsfonts/cm/cmmi5.pfb></usr/share/texmf-dist/fonts/type1/public/amsfonts/cm/cmmi6.pfb></usr/share/texmf-dist/fonts/type1/public/amsfonts/cm/cmmi7.pfb></usr/share/texmf-dist/fonts/type1/public/amsfonts/cm/cmmi8.pfb></usr/share/texmf-dist/fonts/type1/public/amsfonts/cm/cmr10.pfb></usr/share/texmf-dist/fonts/type1/public/amsfonts/cm/cmr12.pfb></usr/share/texmf-dist/fonts/type1/public/amsfonts/cm/cmr17.pfb></usr/share/texmf-dist/fonts/type1/public/amsfonts/cm/cmr5.pfb></usr/share/texmf-dist/fonts/type1/public/amsfonts/cm/cmr6.pfb></usr/share/texmf-dist/fonts/type1/public/amsfonts/cm/cmr7.pfb></usr/share/texmf-dist/fonts/type1/public/amsfonts/cm/cmr8.pfb></usr/share/texmf-dist/fonts/type1/public/amsfonts/cm/cmsy10.pfb></usr/share/texmf-dist/fonts/type1/public/amsfonts/cm/cmsy5.pfb></usr/share/texmf-dist/fonts/type1/public/amsfonts/cm/cmsy6.pfb></usr/share/texmf-dist/fonts/type1/public/amsfonts/cm/cmsy7.pfb></usr/share/texmf-dist/fonts/type1/public/amsfonts/cm/cmsy8.pfb></usr/share/texmf-dist/fonts/type1/public/amsfonts/cm/cmtt8.pfb></usr/share/texmf-dist/fonts/type1/public/amsfonts/symbols/msam10.pfb></usr/share/texmf-dist/fonts/type1/public/amsfonts/symbols/msam7.pfb>
Output written on Mindmap.pdf (1 page, 2667978 bytes).
PDF statistics:
 214 PDF objects out of 1000 (max. 8388607)
 92 compressed objects within 1 object stream
 0 named destinations out of 1000 (max. 500000)
 372 words of extra memory for PDF output out of 10000 (max. 10000000)

